<?xml version="1.0" encoding="UTF-8"?>
<testsuite name="com.crossover.techtrial.controller.PersonControllerTest" tests="0" skipped="0" failures="0" errors="0" timestamp="1970-01-01T00:00:00" hostname="Kirans-MBP.Home" time="0.0">
  <properties/>
  <system-out><![CDATA[14:01:23.700 [Test worker] DEBUG org.springframework.test.context.junit4.SpringJUnit4ClassRunner - SpringJUnit4ClassRunner constructor called with [class com.crossover.techtrial.controller.PersonControllerTest]
14:01:23.734 [Test worker] DEBUG org.springframework.test.context.BootstrapUtils - Instantiating CacheAwareContextLoaderDelegate from class [org.springframework.test.context.cache.DefaultCacheAwareContextLoaderDelegate]
14:01:23.778 [Test worker] DEBUG org.springframework.test.context.BootstrapUtils - Instantiating BootstrapContext using constructor [public org.springframework.test.context.support.DefaultBootstrapContext(java.lang.Class,org.springframework.test.context.CacheAwareContextLoaderDelegate)]
14:01:23.879 [Test worker] DEBUG org.springframework.test.context.BootstrapUtils - Instantiating TestContextBootstrapper for test class [com.crossover.techtrial.controller.PersonControllerTest] from class [org.springframework.boot.test.context.SpringBootTestContextBootstrapper]
14:01:23.949 [Test worker] INFO org.springframework.boot.test.context.SpringBootTestContextBootstrapper - Neither @ContextConfiguration nor @ContextHierarchy found for test class [com.crossover.techtrial.controller.PersonControllerTest], using SpringBootContextLoader
14:01:23.961 [Test worker] DEBUG org.springframework.test.context.support.AbstractContextLoader - Did not detect default resource location for test class [com.crossover.techtrial.controller.PersonControllerTest]: class path resource [com/crossover/techtrial/controller/PersonControllerTest-context.xml] does not exist
14:01:23.962 [Test worker] DEBUG org.springframework.test.context.support.AbstractContextLoader - Did not detect default resource location for test class [com.crossover.techtrial.controller.PersonControllerTest]: class path resource [com/crossover/techtrial/controller/PersonControllerTestContext.groovy] does not exist
14:01:23.963 [Test worker] INFO org.springframework.test.context.support.AbstractContextLoader - Could not detect default resource locations for test class [com.crossover.techtrial.controller.PersonControllerTest]: no resource found for suffixes {-context.xml, Context.groovy}.
14:01:23.966 [Test worker] INFO org.springframework.test.context.support.AnnotationConfigContextLoaderUtils - Could not detect default configuration classes for test class [com.crossover.techtrial.controller.PersonControllerTest]: PersonControllerTest does not declare any static, non-private, non-final, nested classes annotated with @Configuration.
14:01:24.137 [Test worker] DEBUG org.springframework.test.context.support.ActiveProfilesUtils - Could not find an 'annotation declaring class' for annotation type [org.springframework.test.context.ActiveProfiles] and class [com.crossover.techtrial.controller.PersonControllerTest]
14:01:24.220 [Test worker] DEBUG org.springframework.core.env.StandardEnvironment - Adding PropertySource 'systemProperties' with lowest search precedence
14:01:24.220 [Test worker] DEBUG org.springframework.core.env.StandardEnvironment - Adding PropertySource 'systemEnvironment' with lowest search precedence
14:01:24.222 [Test worker] DEBUG org.springframework.core.env.StandardEnvironment - Initialized StandardEnvironment with PropertySources [MapPropertySource@668226976 {name='systemProperties', properties={java.runtime.name=Java(TM) SE Runtime Environment, sun.boot.library.path=/Library/Java/JavaVirtualMachines/jdk1.8.0_40.jdk/Contents/Home/jre/lib, java.vm.version=25.40-b25, gopherProxySet=false, java.vm.vendor=Oracle Corporation, java.vendor.url=http://java.oracle.com/, path.separator=:, java.vm.name=Java HotSpot(TM) 64-Bit Server VM, file.encoding.pkg=sun.io, sun.java.launcher=SUN_STANDARD, user.country=US, sun.os.patch.level=unknown, java.vm.specification.name=Java Virtual Machine Specification, user.dir=/Users/kiran/projects/cross-ride-java, java.runtime.version=1.8.0_40-b27, java.awt.graphicsenv=sun.awt.CGraphicsEnvironment, java.endorsed.dirs=/Library/Java/JavaVirtualMachines/jdk1.8.0_40.jdk/Contents/Home/jre/lib/endorsed, os.arch=x86_64, java.io.tmpdir=/var/folders/wx/mytn4f2s0958c0rlfl6vsrh00000gn/T/, line.separator=
, java.vm.specification.vendor=Oracle Corporation, user.variant=, os.name=Mac OS X, sun.jnu.encoding=UTF-8, java.library.path=/Users/kiran/Library/Java/Extensions:/Library/Java/Extensions:/Network/Library/Java/Extensions:/System/Library/Java/Extensions:/usr/lib/java:., java.specification.name=Java Platform API Specification, java.class.version=52.0, org.gradle.native=false, sun.management.compiler=HotSpot 64-Bit Tiered Compilers, os.version=10.13.6, http.nonProxyHosts=local|*.local|169.254/16|*.169.254/16, user.home=/Users/kiran, user.timezone=Asia/Dubai, java.awt.printerjob=sun.lwawt.macosx.CPrinterJob, file.encoding=UTF-8, java.specification.version=1.8, java.class.path=/Users/kiran/projects/cross-ride-java/build/classes/java/test:/Users/kiran/projects/cross-ride-java/build/resources/test:/Users/kiran/projects/cross-ride-java/build/classes/java/main:/Users/kiran/projects/cross-ride-java/build/resources/main:/Users/kiran/.gradle/caches/modules-2/files-2.1/org.springframework.boot/spring-boot-starter-data-jpa/2.0.2.RELEASE/a277d15c247684aaef38852a2e71b8b1ef7357e6/spring-boot-starter-data-jpa-2.0.2.RELEASE.jar:/Users/kiran/.gradle/caches/modules-2/files-2.1/org.springframework.boot/spring-boot-starter-data-rest/2.0.2.RELEASE/1617ded563edcb560034293532d74a6c61132eea/spring-boot-starter-data-rest-2.0.2.RELEASE.jar:/Users/kiran/.gradle/caches/modules-2/files-2.1/org.springframework.boot/spring-boot-starter-web/2.0.2.RELEASE/b6ef0cf4d0a7c6c7e93ff524b84cd1d8f87f67d9/spring-boot-starter-web-2.0.2.RELEASE.jar:/Users/kiran/.gradle/caches/modules-2/files-2.1/org.springframework.boot/spring-boot-starter-aop/2.0.2.RELEASE/b0b0c7dcfdffaef1b04886c0279772905bc7e9d2/spring-boot-starter-aop-2.0.2.RELEASE.jar:/Users/kiran/.gradle/caches/modules-2/files-2.1/org.springframework.boot/spring-boot-starter-test/2.0.2.RELEASE/d9e090412f318586e0f277e24740b79b58ef190b/spring-boot-starter-test-2.0.2.RELEASE.jar:/Users/kiran/.gradle/caches/modules-2/files-2.1/org.springframework.boot/spring-boot-starter-jdbc/2.0.2.RELEASE/f93c2459a06061f889b837d1c2503055df024778/spring-boot-starter-jdbc-2.0.2.RELEASE.jar:/Users/kiran/.gradle/caches/modules-2/files-2.1/org.springframework.boot/spring-boot-starter-json/2.0.2.RELEASE/5edda979838ced5314b8f58a958fe9d6b4b3badd/spring-boot-starter-json-2.0.2.RELEASE.jar:/Users/kiran/.gradle/caches/modules-2/files-2.1/org.springframework.boot/spring-boot-starter/2.0.2.RELEASE/1cda94f0dfcf2b065191782a54b84d2abf96391/spring-boot-starter-2.0.2.RELEASE.jar:/Users/kiran/.gradle/caches/modules-2/files-2.1/com.fasterxml.jackson.datatype/jackson-datatype-jsr310/2.9.5/d1f0d11e816bc04e222a261106ca138801841c2d/jackson-datatype-jsr310-2.9.5.jar:/Users/kiran/.gradle/caches/modules-2/files-2.1/org.liquibase/liquibase-core/3.5.5/c65051f327382018bd09c30380f25eac96f210da/liquibase-core-3.5.5.jar:/Users/kiran/.gradle/caches/modules-2/files-2.1/org.springframework.boot/spring-boot-devtools/2.0.2.RELEASE/ed2b1c877b0c00ef7f961bd118e420a49de3c970/spring-boot-devtools-2.0.2.RELEASE.jar:/Users/kiran/.gradle/caches/modules-2/files-2.1/mysql/mysql-connector-java/5.1.46/9a3e63b387e376364211e96827bc27db8d7a92e9/mysql-connector-java-5.1.46.jar:/Users/kiran/.gradle/caches/modules-2/files-2.1/com.h2database/h2/1.4.197/bb391050048ca8ae3e32451b5a3714ecd3596a46/h2-1.4.197.jar:/Users/kiran/.gradle/caches/modules-2/files-2.1/org.mockito/mockito-core/2.7.22/fcf63bc8010ca77991e3cadd8d33ad1a40603404/mockito-core-2.7.22.jar:/Users/kiran/.gradle/caches/modules-2/files-2.1/org.springframework.boot/spring-boot-test-autoconfigure/2.0.2.RELEASE/4993bdd96a4c02bc5b5703862d99ef4c563f25d0/spring-boot-test-autoconfigure-2.0.2.RELEASE.jar:/Users/kiran/.gradle/caches/modules-2/files-2.1/org.springframework.boot/spring-boot-autoconfigure/2.0.2.RELEASE/f4b25e753e4955337a138d8b1550236b5efe5b3b/spring-boot-autoconfigure-2.0.2.RELEASE.jar:/Users/kiran/.gradle/caches/modules-2/files-2.1/org.springframework.boot/spring-boot-test/2.0.2.RELEASE/fc85812e6543312a3b0ea9fbbdfd4a51183380a3/spring-boot-test-2.0.2.RELEASE.jar:/Users/kiran/.gradle/caches/modules-2/files-2.1/org.springframework.boot/spring-boot/2.0.2.RELEASE/15012cf02e9f77938244e554f0598535fdd1cb38/spring-boot-2.0.2.RELEASE.jar:/Users/kiran/.gradle/caches/modules-2/files-2.1/org.springframework.boot/spring-boot-starter-logging/2.0.2.RELEASE/b56d7d1931792d6e58dbd41f956912359ba85238/spring-boot-starter-logging-2.0.2.RELEASE.jar:/Users/kiran/.gradle/caches/modules-2/files-2.1/org.springframework.boot/spring-boot-starter-tomcat/2.0.2.RELEASE/cedbfb18762e1c220007c768bfc5b773f5b30f8a/spring-boot-starter-tomcat-2.0.2.RELEASE.jar:/Users/kiran/.gradle/caches/modules-2/files-2.1/javax.annotation/javax.annotation-api/1.3.2/934c04d3cfef185a8008e7bf34331b79730a9d43/javax.annotation-api-1.3.2.jar:/Users/kiran/.gradle/caches/modules-2/files-2.1/org.springframework.data/spring-data-jpa/2.0.7.RELEASE/9f201f3d3435a9e5422e0edcff3475c46215ffb/spring-data-jpa-2.0.7.RELEASE.jar:/Users/kiran/.gradle/caches/modules-2/files-2.1/org.springframework.data/spring-data-rest-webmvc/3.0.7.RELEASE/684949215006f844591c6a8632356f483752fca0/spring-data-rest-webmvc-3.0.7.RELEASE.jar:/Users/kiran/.gradle/caches/modules-2/files-2.1/org.springframework.data/spring-data-rest-core/3.0.7.RELEASE/dd56b4f427987e1d5ab320eee6c3401e32557bb2/spring-data-rest-core-3.0.7.RELEASE.jar:/Users/kiran/.gradle/caches/modules-2/files-2.1/org.springframework.hateoas/spring-hateoas/0.24.0.RELEASE/b6401a781a58e0b2ab95242a553683e04300fe69/spring-hateoas-0.24.0.RELEASE.jar:/Users/kiran/.gradle/caches/modules-2/files-2.1/org.springframework/spring-webmvc/5.0.6.RELEASE/1361c5d1cf46665ee01de5dc1ca447c3be174c19/spring-webmvc-5.0.6.RELEASE.jar:/Users/kiran/.gradle/caches/modules-2/files-2.1/org.springframework/spring-web/5.0.6.RELEASE/89e89de3025165998118590613aedc6df8d64af6/spring-web-5.0.6.RELEASE.jar:/Users/kiran/.gradle/caches/modules-2/files-2.1/org.springframework.plugin/spring-plugin-core/1.2.0.RELEASE/f380e7760032e7d929184f8ad8a33716b75c0657/spring-plugin-core-1.2.0.RELEASE.jar:/Users/kiran/.gradle/caches/modules-2/files-2.1/org.springframework/spring-context/5.0.6.RELEASE/8b73b742ef0ddce04f0f1068f305de240b00ce0d/spring-context-5.0.6.RELEASE.jar:/Users/kiran/.gradle/caches/modules-2/files-2.1/org.springframework/spring-aop/5.0.6.RELEASE/74078df698992054c1c1a8f705763a6c7b4b914c/spring-aop-5.0.6.RELEASE.jar:/Users/kiran/.gradle/caches/modules-2/files-2.1/org.springframework/spring-test/5.0.6.RELEASE/dbc99b288774b2e07d94bc14fe38d556bc3ed34a/spring-test-5.0.6.RELEASE.jar:/Users/kiran/.gradle/caches/modules-2/files-2.1/org.springframework/spring-orm/5.0.6.RELEASE/7a08073597b79dfcd4db1cffa924f2b991a14a20/spring-orm-5.0.6.RELEASE.jar:/Users/kiran/.gradle/caches/modules-2/files-2.1/org.springframework/spring-jdbc/5.0.6.RELEASE/7d4de1ee9b042774e09ceb88393e5a564e342729/spring-jdbc-5.0.6.RELEASE.jar:/Users/kiran/.gradle/caches/modules-2/files-2.1/org.springframework/spring-tx/5.0.6.RELEASE/1b6ffc44f2d59507a0fce1084fcc21788b13904/spring-tx-5.0.6.RELEASE.jar:/Users/kiran/.gradle/caches/modules-2/files-2.1/org.springframework.data/spring-data-commons/2.0.7.RELEASE/7faa0fb2ffa50a5c50ad9f10118095ae24d5c6e1/spring-data-commons-2.0.7.RELEASE.jar:/Users/kiran/.gradle/caches/modules-2/files-2.1/org.springframework/spring-beans/5.0.6.RELEASE/d609b83cd8a71650a70778cf8d02c9a05b9161fe/spring-beans-5.0.6.RELEASE.jar:/Users/kiran/.gradle/caches/modules-2/files-2.1/org.springframework/spring-expression/5.0.6.RELEASE/dec57ae5e6f0dfd4c6cfc199aa13ed268c3e1a65/spring-expression-5.0.6.RELEASE.jar:/Users/kiran/.gradle/caches/modules-2/files-2.1/org.springframework/spring-core/5.0.6.RELEASE/984a52455b1be596b7f1a29f62d21d2f483eb764/spring-core-5.0.6.RELEASE.jar:/Users/kiran/.gradle/caches/modules-2/files-2.1/org.yaml/snakeyaml/1.19/2d998d3d674b172a588e54ab619854d073f555b5/snakeyaml-1.19.jar:/Users/kiran/.gradle/caches/modules-2/files-2.1/org.hibernate/hibernate-core/5.2.17.Final/f2dc36470e7a2ffcf6106bb1625ecf5b54bb5f65/hibernate-core-5.2.17.Final.jar:/Users/kiran/.gradle/caches/modules-2/files-2.1/javax.transaction/javax.transaction-api/1.2/d81aff979d603edd90dcd8db2abc1f4ce6479e3e/javax.transaction-api-1.2.jar:/Users/kiran/.gradle/caches/modules-2/files-2.1/org.springframework/spring-aspects/5.0.6.RELEASE/45a7631a64eb82625067587b9796d4418d9e0568/spring-aspects-5.0.6.RELEASE.jar:/Users/kiran/.gradle/caches/modules-2/files-2.1/org.hibernate.validator/hibernate-validator/6.0.9.Final/b149e4cce82379f11f6129eb3187ca8ae5404005/hibernate-validator-6.0.9.Final.jar:/Users/kiran/.gradle/caches/modules-2/files-2.1/com.fasterxml.jackson.datatype/jackson-datatype-jdk8/2.9.5/23e37f085279ba316c0df923513b81609e1d1f6/jackson-datatype-jdk8-2.9.5.jar:/Users/kiran/.gradle/caches/modules-2/files-2.1/com.fasterxml.jackson.module/jackson-module-parameter-names/2.9.5/f824c60751ffb7bfc3a0d30dfe0e42317d8e67f5/jackson-module-parameter-names-2.9.5.jar:/Users/kiran/.gradle/caches/modules-2/files-2.1/com.fasterxml.jackson.core/jackson-databind/2.9.5/3490508379d065fe3fcb80042b62f630f7588606/jackson-databind-2.9.5.jar:/Users/kiran/.gradle/caches/modules-2/files-2.1/com.fasterxml.jackson.core/jackson-annotations/2.9.0/7c10d545325e3a6e72e06381afe469fd40eb701/jackson-annotations-2.9.0.jar:/Users/kiran/.gradle/caches/modules-2/files-2.1/com.fasterxml.jackson.core/jackson-core/2.9.5/a22ac51016944b06fd9ffbc9541c6e7ce5eea117/jackson-core-2.9.5.jar:/Users/kiran/.gradle/caches/modules-2/files-2.1/org.aspectj/aspectjweaver/1.8.13/ad94df2a28d658a40dc27bbaff6a1ce5fbf04e9b/aspectjweaver-1.8.13.jar:/Users/kiran/.gradle/caches/modules-2/files-2.1/com.jayway.jsonpath/json-path/2.4.0/765a4401ceb2dc8d40553c2075eb80a8fa35c2ae/json-path-2.4.0.jar:/Users/kiran/.gradle/caches/modules-2/files-2.1/junit/junit/4.12/2973d150c0dc1fefe998f834810d68f278ea58ec/junit-4.12.jar:/Users/kiran/.gradle/caches/modules-2/files-2.1/org.assertj/assertj-core/3.9.1/c5ce126b15f28d56cd8f960c1a6a058b9c9aea87/assertj-core-3.9.1.jar:/Users/kiran/.gradle/caches/modules-2/files-2.1/org.hamcrest/hamcrest-library/1.3/4785a3c21320980282f9f33d0d1264a69040538f/hamcrest-library-1.3.jar:/Users/kiran/.gradle/caches/modules-2/files-2.1/org.hamcrest/hamcrest-core/1.3/42a25dc3219429f0e5d060061f71acb49bf010a0/hamcrest-core-1.3.jar:/Users/kiran/.gradle/caches/modules-2/files-2.1/org.skyscreamer/jsonassert/1.5.0/6c9d5fe2f59da598d9aefc1cfc6528ff3cf32df3/jsonassert-1.5.0.jar:/Users/kiran/.gradle/caches/modules-2/files-2.1/org.xmlunit/xmlunit-core/2.5.1/4ffdb346572a7356f7521cd3119ce5287d2e339d/xmlunit-core-2.5.1.jar:/Users/kiran/.gradle/caches/modules-2/files-2.1/net.bytebuddy/byte-buddy/1.7.11/f02857a4e2c66ccbe7aaad6100a0a6c461bce9b3/byte-buddy-1.7.11.jar:/Users/kiran/.gradle/caches/modules-2/files-2.1/net.bytebuddy/byte-buddy-agent/1.7.11/b425a8933ca07edd03c6dbc8bc3b595fba9780de/byte-buddy-agent-1.7.11.jar:/Users/kiran/.gradle/caches/modules-2/files-2.1/org.objenesis/objenesis/2.5/612ecb799912ccf77cba9b3ed8c813da086076e9/objenesis-2.5.jar:/Users/kiran/.gradle/caches/modules-2/files-2.1/ch.qos.logback/logback-classic/1.2.3/7c4f3c474fb2c041d8028740440937705ebb473a/logback-classic-1.2.3.jar:/Users/kiran/.gradle/caches/modules-2/files-2.1/org.apache.logging.log4j/log4j-to-slf4j/2.10.0/f7e631ccf49cfc0aefa4a2a728da7d374c05bd3c/log4j-to-slf4j-2.10.0.jar:/Users/kiran/.gradle/caches/modules-2/files-2.1/org.slf4j/jul-to-slf4j/1.7.25/af5364cd6679bfffb114f0dec8a157aaa283b76/jul-to-slf4j-1.7.25.jar:/Users/kiran/.gradle/caches/modules-2/files-2.1/org.springframework/spring-jcl/5.0.6.RELEASE/295ee4e8657e9c1fd327735c01d5fbce339cc44d/spring-jcl-5.0.6.RELEASE.jar:/Users/kiran/.gradle/caches/modules-2/files-2.1/com.zaxxer/HikariCP/2.7.9/a83113d2c091d0d0f853dad3217bd7df3beb6ae3/HikariCP-2.7.9.jar:/Users/kiran/.gradle/caches/modules-2/files-2.1/org.hibernate.common/hibernate-commons-annotations/5.0.1.Final/71e1cff3fcb20d3b3af4f3363c3ddb24d33c6879/hibernate-commons-annotations-5.0.1.Final.jar:/Users/kiran/.gradle/caches/modules-2/files-2.1/org.jboss.logging/jboss-logging/3.3.2.Final/3789d00e859632e6c6206adc0c71625559e6e3b0/jboss-logging-3.3.2.Final.jar:/Users/kiran/.gradle/caches/modules-2/files-2.1/org.hibernate.javax.persistence/hibernate-jpa-2.1-api/1.0.0.Final/5e731d961297e5a07290bfaf3db1fbc8bbbf405a/hibernate-jpa-2.1-api-1.0.0.Final.jar:/Users/kiran/.gradle/caches/modules-2/files-2.1/org.javassist/javassist/3.22.0-GA/3e83394258ae2089be7219b971ec21a8288528ad/javassist-3.22.0-GA.jar:/Users/kiran/.gradle/caches/modules-2/files-2.1/antlr/antlr/2.7.7/83cd2cd674a217ade95a4bb83a8a14f351f48bd0/antlr-2.7.7.jar:/Users/kiran/.gradle/caches/modules-2/files-2.1/org.jboss/jandex/2.0.3.Final/bfc4d6257dbff7a33a357f0de116be6ff951d849/jandex-2.0.3.Final.jar:/Users/kiran/.gradle/caches/modules-2/files-2.1/com.fasterxml/classmate/1.3.4/3d5f48f10bbe4eb7bd862f10c0583be2e0053c6/classmate-1.3.4.jar:/Users/kiran/.gradle/caches/modules-2/files-2.1/dom4j/dom4j/1.6.1/5d3ccc056b6f056dbf0dddfdf43894b9065a8f94/dom4j-1.6.1.jar:/Users/kiran/.gradle/caches/modules-2/files-2.1/org.slf4j/slf4j-api/1.7.25/da76ca59f6a57ee3102f8f9bd9cee742973efa8a/slf4j-api-1.7.25.jar:/Users/kiran/.gradle/caches/modules-2/files-2.1/org.apache.tomcat.embed/tomcat-embed-websocket/8.5.31/6564e716b89de5eaa0dd234ae7989576503ddf3/tomcat-embed-websocket-8.5.31.jar:/Users/kiran/.gradle/caches/modules-2/files-2.1/org.apache.tomcat.embed/tomcat-embed-core/8.5.31/f5adf7ed8c34aa005b22b6a2dc7b6796e10e9c79/tomcat-embed-core-8.5.31.jar:/Users/kiran/.gradle/caches/modules-2/files-2.1/org.apache.tomcat.embed/tomcat-embed-el/8.5.31/3a536e1ac71b82627c3a7408eb38fa0704cb9034/tomcat-embed-el-8.5.31.jar:/Users/kiran/.gradle/caches/modules-2/files-2.1/javax.validation/validation-api/2.0.1.Final/cb855558e6271b1b32e716d24cb85c7f583ce09e/validation-api-2.0.1.Final.jar:/Users/kiran/.gradle/caches/modules-2/files-2.1/net.minidev/json-smart/2.3/7396407491352ce4fa30de92efb158adb76b5b/json-smart-2.3.jar:/Users/kiran/.gradle/caches/modules-2/files-2.1/com.vaadin.external.google/android-json/0.0.20131108.vaadin1/fa26d351fe62a6a17f5cda1287c1c6110dec413f/android-json-0.0.20131108.vaadin1.jar:/Users/kiran/.gradle/caches/modules-2/files-2.1/ch.qos.logback/logback-core/1.2.3/864344400c3d4d92dfeb0a305dc87d953677c03c/logback-core-1.2.3.jar:/Users/kiran/.gradle/caches/modules-2/files-2.1/org.apache.logging.log4j/log4j-api/2.10.0/fec5797a55b786184a537abd39c3fa1449d752d6/log4j-api-2.10.0.jar:/Users/kiran/.gradle/caches/modules-2/files-2.1/org.atteo/evo-inflector/1.2.2/2551aad98d65ac5464d81fe05f0e1516cfe471c9/evo-inflector-1.2.2.jar:/Users/kiran/.gradle/caches/modules-2/files-2.1/net.minidev/accessors-smart/1.2/c592b500269bfde36096641b01238a8350f8aa31/accessors-smart-1.2.jar:/Users/kiran/.gradle/caches/modules-2/files-2.1/org.ow2.asm/asm/5.0.4/da08b8cce7bbf903602a25a3a163ae252435795/asm-5.0.4.jar, user.name=kiran, java.vm.specification.version=1.8, sun.java.command=worker.org.gradle.process.internal.worker.GradleWorkerMain 'Gradle Test Executor 1', java.home=/Library/Java/JavaVirtualMachines/jdk1.8.0_40.jdk/Contents/Home/jre, sun.arch.data.model=64, user.language=en, java.specification.vendor=Oracle Corporation, awt.toolkit=sun.lwawt.macosx.LWCToolkit, java.vm.info=mixed mode, java.version=1.8.0_40, java.ext.dirs=/Users/kiran/Library/Java/Extensions:/Library/Java/JavaVirtualMachines/jdk1.8.0_40.jdk/Contents/Home/jre/lib/ext:/Library/Java/Extensions:/Network/Library/Java/Extensions:/System/Library/Java/Extensions:/usr/lib/java, sun.boot.class.path=/Library/Java/JavaVirtualMachines/jdk1.8.0_40.jdk/Contents/Home/jre/lib/resources.jar:/Library/Java/JavaVirtualMachines/jdk1.8.0_40.jdk/Contents/Home/jre/lib/rt.jar:/Library/Java/JavaVirtualMachines/jdk1.8.0_40.jdk/Contents/Home/jre/lib/sunrsasign.jar:/Library/Java/JavaVirtualMachines/jdk1.8.0_40.jdk/Contents/Home/jre/lib/jsse.jar:/Library/Java/JavaVirtualMachines/jdk1.8.0_40.jdk/Contents/Home/jre/lib/jce.jar:/Library/Java/JavaVirtualMachines/jdk1.8.0_40.jdk/Contents/Home/jre/lib/charsets.jar:/Library/Java/JavaVirtualMachines/jdk1.8.0_40.jdk/Contents/Home/jre/lib/jfr.jar:/Library/Java/JavaVirtualMachines/jdk1.8.0_40.jdk/Contents/Home/jre/classes, java.vendor=Oracle Corporation, org.gradle.test.worker=1, file.separator=/, java.vendor.url.bug=http://bugreport.sun.com/bugreport/, sun.io.unicode.encoding=UnicodeBig, sun.cpu.endian=little, socksNonProxyHosts=local|*.local|169.254/16|*.169.254/16, ftp.nonProxyHosts=local|*.local|169.254/16|*.169.254/16, sun.cpu.isalist=}}, SystemEnvironmentPropertySource@583403227 {name='systemEnvironment', properties={PATH=/usr/bin:/bin:/usr/sbin:/sbin, SHELL=/bin/bash, JAVA_STARTED_ON_FIRST_THREAD_12946=1, USER=kiran, TMPDIR=/var/folders/wx/mytn4f2s0958c0rlfl6vsrh00000gn/T/, SSH_AUTH_SOCK=/private/tmp/com.apple.launchd.lb2zvB0mJV/Listeners, XPC_FLAGS=0x0, APP_ICON_12946=../Resources/Eclipse.icns, __CF_USER_TEXT_ENCODING=0x1F5:0x0:0x0, Apple_PubSub_Socket_Render=/private/tmp/com.apple.launchd.fNsiMaLSgQ/Render, LOGNAME=kiran, XPC_SERVICE_NAME=org.eclipse.platform.ide.10840, JAVA_MAIN_CLASS_13012=worker.org.gradle.process.internal.worker.GradleWorkerMain, HOME=/Users/kiran}}]
14:01:24.274 [Test worker] DEBUG org.springframework.core.io.support.PathMatchingResourcePatternResolver - Resolved classpath location [com/crossover/techtrial/controller/] to resources [URL [file:/Users/kiran/projects/cross-ride-java/build/classes/java/test/com/crossover/techtrial/controller/], URL [file:/Users/kiran/projects/cross-ride-java/build/classes/java/main/com/crossover/techtrial/controller/]]
14:01:24.275 [Test worker] DEBUG org.springframework.core.io.support.PathMatchingResourcePatternResolver - Looking for matching resources in directory tree [/Users/kiran/projects/cross-ride-java/build/classes/java/test/com/crossover/techtrial/controller]
14:01:24.279 [Test worker] DEBUG org.springframework.core.io.support.PathMatchingResourcePatternResolver - Searching directory [/Users/kiran/projects/cross-ride-java/build/classes/java/test/com/crossover/techtrial/controller] for files matching pattern [/Users/kiran/projects/cross-ride-java/build/classes/java/test/com/crossover/techtrial/controller/*.class]
14:01:24.290 [Test worker] DEBUG org.springframework.core.io.support.PathMatchingResourcePatternResolver - Looking for matching resources in directory tree [/Users/kiran/projects/cross-ride-java/build/classes/java/main/com/crossover/techtrial/controller]
14:01:24.292 [Test worker] DEBUG org.springframework.core.io.support.PathMatchingResourcePatternResolver - Searching directory [/Users/kiran/projects/cross-ride-java/build/classes/java/main/com/crossover/techtrial/controller] for files matching pattern [/Users/kiran/projects/cross-ride-java/build/classes/java/main/com/crossover/techtrial/controller/*.class]
14:01:24.293 [Test worker] DEBUG org.springframework.core.io.support.PathMatchingResourcePatternResolver - Resolved location pattern [classpath*:com/crossover/techtrial/controller/*.class] to resources [file [/Users/kiran/projects/cross-ride-java/build/classes/java/test/com/crossover/techtrial/controller/PersonControllerTest.class], file [/Users/kiran/projects/cross-ride-java/build/classes/java/main/com/crossover/techtrial/controller/PersonController.class], file [/Users/kiran/projects/cross-ride-java/build/classes/java/main/com/crossover/techtrial/controller/RideController.class]]
14:01:24.606 [Test worker] DEBUG org.springframework.core.io.support.PathMatchingResourcePatternResolver - Resolved classpath location [com/crossover/techtrial/] to resources [URL [file:/Users/kiran/projects/cross-ride-java/build/classes/java/test/com/crossover/techtrial/], URL [file:/Users/kiran/projects/cross-ride-java/build/classes/java/main/com/crossover/techtrial/]]
14:01:24.629 [Test worker] DEBUG org.springframework.core.io.support.PathMatchingResourcePatternResolver - Looking for matching resources in directory tree [/Users/kiran/projects/cross-ride-java/build/classes/java/test/com/crossover/techtrial]
14:01:24.629 [Test worker] DEBUG org.springframework.core.io.support.PathMatchingResourcePatternResolver - Searching directory [/Users/kiran/projects/cross-ride-java/build/classes/java/test/com/crossover/techtrial] for files matching pattern [/Users/kiran/projects/cross-ride-java/build/classes/java/test/com/crossover/techtrial/*.class]
14:01:24.632 [Test worker] DEBUG org.springframework.core.io.support.PathMatchingResourcePatternResolver - Looking for matching resources in directory tree [/Users/kiran/projects/cross-ride-java/build/classes/java/main/com/crossover/techtrial]
14:01:24.635 [Test worker] DEBUG org.springframework.core.io.support.PathMatchingResourcePatternResolver - Searching directory [/Users/kiran/projects/cross-ride-java/build/classes/java/main/com/crossover/techtrial] for files matching pattern [/Users/kiran/projects/cross-ride-java/build/classes/java/main/com/crossover/techtrial/*.class]
14:01:24.638 [Test worker] DEBUG org.springframework.core.io.support.PathMatchingResourcePatternResolver - Resolved location pattern [classpath*:com/crossover/techtrial/*.class] to resources [file [/Users/kiran/projects/cross-ride-java/build/classes/java/test/com/crossover/techtrial/CrossRideApplicationTest.class], file [/Users/kiran/projects/cross-ride-java/build/classes/java/main/com/crossover/techtrial/CrossRideApplication.class]]
14:01:24.823 [Test worker] DEBUG org.springframework.context.annotation.ClassPathScanningCandidateComponentProvider - Identified candidate component class: file [/Users/kiran/projects/cross-ride-java/build/classes/java/main/com/crossover/techtrial/CrossRideApplication.class]
14:01:24.825 [Test worker] INFO org.springframework.boot.test.context.SpringBootTestContextBootstrapper - Found @SpringBootConfiguration com.crossover.techtrial.CrossRideApplication for test class com.crossover.techtrial.controller.PersonControllerTest
14:01:25.548 [Test worker] DEBUG org.springframework.boot.test.context.SpringBootTestContextBootstrapper - @TestExecutionListeners is not present for class [com.crossover.techtrial.controller.PersonControllerTest]: using defaults.
14:01:25.549 [Test worker] INFO org.springframework.boot.test.context.SpringBootTestContextBootstrapper - Loaded default TestExecutionListener class names from location [META-INF/spring.factories]: [org.springframework.boot.test.autoconfigure.restdocs.RestDocsTestExecutionListener, org.springframework.boot.test.autoconfigure.web.client.MockRestServiceServerResetTestExecutionListener, org.springframework.boot.test.autoconfigure.web.servlet.MockMvcPrintOnlyOnFailureTestExecutionListener, org.springframework.boot.test.autoconfigure.web.servlet.WebDriverTestExecutionListener, org.springframework.boot.test.mock.mockito.MockitoTestExecutionListener, org.springframework.boot.test.mock.mockito.ResetMocksTestExecutionListener, org.springframework.test.context.web.ServletTestExecutionListener, org.springframework.test.context.support.DirtiesContextBeforeModesTestExecutionListener, org.springframework.test.context.support.DependencyInjectionTestExecutionListener, org.springframework.test.context.support.DirtiesContextTestExecutionListener, org.springframework.test.context.transaction.TransactionalTestExecutionListener, org.springframework.test.context.jdbc.SqlScriptsTestExecutionListener]
14:01:25.717 [Test worker] INFO org.springframework.boot.test.context.SpringBootTestContextBootstrapper - Using TestExecutionListeners: [org.springframework.test.context.web.ServletTestExecutionListener@46be2a46, org.springframework.test.context.support.DirtiesContextBeforeModesTestExecutionListener@2dffab90, org.springframework.boot.test.mock.mockito.MockitoTestExecutionListener@1127e30b, org.springframework.boot.test.autoconfigure.SpringBootDependencyInjectionTestExecutionListener@7b0e8f0c, org.springframework.test.context.support.DirtiesContextTestExecutionListener@4cd57631, org.springframework.test.context.transaction.TransactionalTestExecutionListener@1ca6f710, org.springframework.test.context.jdbc.SqlScriptsTestExecutionListener@32b76034, org.springframework.boot.test.autoconfigure.restdocs.RestDocsTestExecutionListener@3dceef81, org.springframework.boot.test.autoconfigure.web.client.MockRestServiceServerResetTestExecutionListener@5a4d62f7, org.springframework.boot.test.autoconfigure.web.servlet.MockMvcPrintOnlyOnFailureTestExecutionListener@71f800d9, org.springframework.boot.test.autoconfigure.web.servlet.WebDriverTestExecutionListener@78476812, org.springframework.boot.test.mock.mockito.ResetMocksTestExecutionListener@323f227c]
14:01:25.726 [Test worker] DEBUG org.springframework.test.annotation.ProfileValueUtils - Retrieved @ProfileValueSourceConfiguration [null] for test class [com.crossover.techtrial.controller.PersonControllerTest]
14:01:25.729 [Test worker] DEBUG org.springframework.test.annotation.ProfileValueUtils - Retrieved ProfileValueSource type [class org.springframework.test.annotation.SystemProfileValueSource] for class [com.crossover.techtrial.controller.PersonControllerTest]
]]></system-out>
  <system-err><![CDATA[]]></system-err>
</testsuite>
